<?xml version="1.0" encoding="UTF-8"?>
<testsuite xmlns:xsi="http://www.w3.org/2001/XMLSchema-instance" xsi:noNamespaceSchemaLocation="https://maven.apache.org/surefire/maven-surefire-plugin/xsd/surefire-test-report-3.0.xsd" version="3.0" name="db.ContextTest" time="11.781" tests="2" errors="0" skipped="0" failures="0">
  <properties>
[...]
</properties>
  <testcase name="contextUpWithTransaction" classname="db.ContextTest" time="11.45">
    <system-err><![CDATA[feb. 21, 2024 11:44:35 P. M. org.hibernate.jpa.internal.util.LogHelper logPersistenceUnitInformation
INFO: HHH000204: Processing PersistenceUnitInfo [name: simple-persistence-unit]
feb. 21, 2024 11:44:36 P. M. org.hibernate.Version logVersion
INFO: HHH000412: Hibernate ORM core version 5.6.12.Final
feb. 21, 2024 11:44:36 P. M. org.hibernate.annotations.common.reflection.java.JavaReflectionManager <clinit>
INFO: HCANN000001: Hibernate Commons Annotations {5.1.2.Final}
feb. 21, 2024 11:44:37 P. M. org.hibernate.engine.jdbc.connections.internal.DriverManagerConnectionProviderImpl configure
WARN: HHH10001002: Using Hibernate built-in connection pool (not for production use!)
feb. 21, 2024 11:44:37 P. M. org.hibernate.engine.jdbc.connections.internal.DriverManagerConnectionProviderImpl buildCreator
INFO: HHH10001005: using driver [com.mysql.cj.jdbc.Driver] at URL [jdbc:mysql://sql10.freemysqlhosting.net:3306/sql10685645]
feb. 21, 2024 11:44:37 P. M. org.hibernate.engine.jdbc.connections.internal.DriverManagerConnectionProviderImpl buildCreator
INFO: HHH10001001: Connection properties: {password=****, autocommit=true, user=sql10685645}
feb. 21, 2024 11:44:37 P. M. org.hibernate.engine.jdbc.connections.internal.DriverManagerConnectionProviderImpl buildCreator
INFO: HHH10001003: Autocommit mode: true
feb. 21, 2024 11:44:37 P. M. org.hibernate.engine.jdbc.connections.internal.DriverManagerConnectionProviderImpl$PooledConnections <init>
INFO: HHH000115: Hibernate connection pool size: 20 (min=1)
feb. 21, 2024 11:44:38 P. M. org.hibernate.dialect.Dialect <init>
INFO: HHH000400: Using dialect: org.hibernate.dialect.MySQL55Dialect
feb. 21, 2024 11:44:38 P. M. org.hibernate.type.descriptor.java.JavaTypeDescriptorRegistry checkEqualsAndHashCode
WARN: HHH000481: Encountered Java type [interface ar.edu.utn.frba.dds.models.incidentes.mediosNotificacion.MedioDeNotificacion] for which we could not locate a JavaTypeDescriptor and which does not appear to implement equals and/or hashCode.  This can lead to significant performance problems when performing equality/dirty checking involving this Java type.  Consider registering a custom JavaTypeDescriptor or at least implementing equals/hashCode.
feb. 21, 2024 11:44:46 P. M. org.hibernate.engine.transaction.jta.platform.internal.JtaPlatformInitiator initiateService
INFO: HHH000490: Using JtaPlatform implementation: [org.hibernate.engine.transaction.jta.platform.internal.NoJtaPlatform]
]]></system-err>
  </testcase>
  <testcase name="contextUp" classname="db.ContextTest" time="0.279"/>
</testsuite>